  Source.cpp
C:\programy\c++\Projekty\ray\ray\Classes\Wall.hpp(27,54): warning C4244: 'argument': conversion from 'const double' to 'T', possible loss of data
          with
          [
              T=float
          ]
C:\programy\c++\Projekty\ray\ray\Classes\Wall.hpp(27,39): warning C4244: 'argument': conversion from 'const double' to 'T', possible loss of data
          with
          [
              T=float
          ]
C:\programy\c++\Projekty\ray\ray\Classes\Wall.hpp(28,56): warning C4244: 'argument': conversion from 'const double' to 'T', possible loss of data
          with
          [
              T=float
          ]
C:\programy\c++\Projekty\ray\ray\Classes\Wall.hpp(28,40): warning C4244: 'argument': conversion from 'const double' to 'T', possible loss of data
          with
          [
              T=float
          ]
C:\programy\c++\Projekty\ray\ray\Classes\Ray.hpp(38,55): warning C4244: 'argument': conversion from 'const double' to 'T', possible loss of data
          with
          [
              T=float
          ]
C:\programy\c++\Projekty\ray\ray\Classes\Ray.hpp(38,40): warning C4244: 'argument': conversion from 'const double' to 'T', possible loss of data
          with
          [
              T=float
          ]
C:\programy\c++\Projekty\ray\ray\Classes\Ray.hpp(39,51): warning C4244: 'argument': conversion from 'const double' to 'T', possible loss of data
          with
          [
              T=float
          ]
C:\programy\c++\Projekty\ray\ray\Classes\Ray.hpp(39,38): warning C4244: 'argument': conversion from 'const double' to 'T', possible loss of data
          with
          [
              T=float
          ]
C:\programy\c++\Projekty\ray\ray\Classes\Player.hpp(37,79): warning C4244: 'argument': conversion from 'double' to 'float', possible loss of data
C:\programy\c++\Projekty\ray\ray\Classes\Player.hpp(37,39): warning C4244: 'argument': conversion from 'double' to 'float', possible loss of data
C:\programy\c++\Projekty\ray\ray\Classes\Player.hpp(46,97): warning C4244: 'argument': conversion from 'double' to 'float', possible loss of data
C:\programy\c++\Projekty\ray\ray\Classes\Player.hpp(46,56): warning C4244: 'argument': conversion from 'double' to 'float', possible loss of data
  Generating code
  0 of 137 functions ( 0.0%) were compiled, the rest were copied from previous compilation.
    0 functions were new in current compilation
    0 functions had inline decision re-evaluated but remain unchanged
  Finished generating code
  ray.vcxproj -> C:\programy\c++\Projekty\ray\x64\Release\ray.exe
